Build started 11/1/2012 10:32:00 PM.
Project "Y:\CMPSC122\Labs\BinarySearchTree\BinarySearchTree.vcxproj" on node 2 (build target(s)).
InitializeBuildStatus:
  Touching "Debug\BinarySearchTree.unsuccessfulbuild".
ClCompile:
  C:\Program Files\Microsoft Visual Studio 10.0\VC\bin\CL.exe /c /ZI /nologo /W3 /WX- /Od /Oy- /D WIN32 /D _DEBUG /D _CONSOLE /D _UNICODE /D UNICODE /Gm /EHsc /RTC1 /MDd /GS /fp:precise /Zc:wchar_t /Zc:forScope /Fo"Debug\\" /Fd"Debug\vc100.pdb" /Gd /TP /analyze- /errorReport:prompt main.cpp
  main.cpp
y:\cmpsc122\labs\binarysearchtree\treenode.h(98): warning C4715: 'Delete<std::basic_string<char,std::char_traits<char>,std::allocator<char> > >' : not all control paths return a value
ManifestResourceCompile:
  C:\Program Files\Microsoft SDKs\Windows\v7.0A\bin\rc.exe /nologo /fo"Debug\BinarySearchTree.exe.embed.manifest.res" Debug\BinarySearchTree_manifest.rc 
Link:
  C:\Program Files\Microsoft Visual Studio 10.0\VC\bin\link.exe /ERRORREPORT:PROMPT /OUT:"Y:\CMPSC122\Labs\BinarySearchTree\Debug\BinarySearchTree.exe" /INCREMENTAL /NOLOGO kernel32.lib user32.lib gdi32.lib winspool.lib comdlg32.lib advapi32.lib shell32.lib ole32.lib oleaut32.lib uuid.lib odbc32.lib odbccp32.lib /MANIFEST /ManifestFile:"Debug\BinarySearchTree.exe.intermediate.manifest" /MANIFESTUAC:"level='asInvoker' uiAccess='false'" /DEBUG /PDB:"Y:\CMPSC122\Labs\BinarySearchTree\Debug\BinarySearchTree.pdb" /SUBSYSTEM:CONSOLE /TLBID:1 /DYNAMICBASE /NXCOMPAT /IMPLIB:"Y:\CMPSC122\Labs\BinarySearchTree\Debug\BinarySearchTree.lib" /MACHINE:X86 Debug\BinarySearchTree.exe.embed.manifest.res
  Debug\main.obj
Manifest:
  C:\Program Files\Microsoft SDKs\Windows\v7.0A\bin\mt.exe /nologo /verbose /out:"Debug\BinarySearchTree.exe.embed.manifest" /manifest Debug\BinarySearchTree.exe.intermediate.manifest
  C:\Program Files\Microsoft SDKs\Windows\v7.0A\bin\rc.exe /nologo /fo"Debug\BinarySearchTree.exe.embed.manifest.res" Debug\BinarySearchTree_manifest.rc 
LinkEmbedManifest:
  All outputs are up-to-date.
  BinarySearchTree.vcxproj -> Y:\CMPSC122\Labs\BinarySearchTree\Debug\BinarySearchTree.exe
FinalizeBuildStatus:
  Deleting file "Debug\BinarySearchTree.unsuccessfulbuild".
  Touching "Debug\BinarySearchTree.lastbuildstate".
Done Building Project "Y:\CMPSC122\Labs\BinarySearchTree\BinarySearchTree.vcxproj" (build target(s)).

Build succeeded.

Time Elapsed 00:00:10.16
